<?xml version="1.0" encoding="UTF-8"?>
<testng-results ignored="0" total="5" passed="4" failed="1" skipped="0">
  <reporter-output>
  </reporter-output>
  <suite started-at="2025-05-21T17:59:16 EEST" name="Surefire suite" finished-at="2025-05-21T17:59:49 EEST" duration-ms="32800">
    <groups>
    </groups>
    <test started-at="2025-05-21T17:59:16 EEST" name="Surefire test" finished-at="2025-05-21T17:59:49 EEST" duration-ms="32800">
      <class name="Saucelab.tests.BaseTest">
        <test-method is-config="true" signature="setUp()[pri:0, instance:Saucelab.tests.BaseTest@6e75aa0d]" started-at="2025-05-21T17:59:08 EEST" name="setUp" finished-at="2025-05-21T17:59:16 EEST" duration-ms="8218" status="PASS">
          <reporter-output>
          </reporter-output>
        </test-method> <!-- setUp -->
        <test-method is-config="true" signature="tearDown()[pri:0, instance:Saucelab.tests.BaseTest@6e75aa0d]" started-at="2025-05-21T17:59:49 EEST" name="tearDown" finished-at="2025-05-21T17:59:50 EEST" duration-ms="636" status="PASS">
          <reporter-output>
          </reporter-output>
        </test-method> <!-- tearDown -->
      </class> <!-- Saucelab.tests.BaseTest -->
      <class name="Saucelab.tests.HomePageTests">
        <test-method is-config="true" signature="setUp()[pri:0, instance:Saucelab.tests.HomePageTests@7fc229ab]" started-at="2025-05-21T17:59:16 EEST" name="setUp" finished-at="2025-05-21T17:59:16 EEST" duration-ms="5" status="PASS">
          <reporter-output>
          </reporter-output>
        </test-method> <!-- setUp -->
        <test-method signature="homePageTest()[pri:3, instance:Saucelab.tests.HomePageTests@7fc229ab]" started-at="2025-05-21T17:59:16 EEST" name="homePageTest" finished-at="2025-05-21T17:59:47 EEST" duration-ms="30364" status="FAIL">
          <exception class="org.openqa.selenium.TimeoutException">
            <message>
              <![CDATA[Expected condition failed: waiting for url to be "https://www.saucedemo.com/inventory.html". Current url: "https://www.saucedemo.com/" (tried for 30 second(s) with 500 milliseconds interval)
Build info: version: '4.10.0', revision: 'c14d967899'
System info: os.name: 'Windows 10', os.arch: 'amd64', os.version: '10.0', java.version: '24.0.1'
Driver info: org.openqa.selenium.edge.EdgeDriver
Capabilities {acceptInsecureCerts: false, browserName: MicrosoftEdge, browserVersion: 136.0.3240.76, fedcm:accounts: true, ms:edgeOptions: {debuggerAddress: localhost:62340}, msedge: {msedgedriverVersion: 136.0.3240.76 (77e9ec69748f..., userDataDir: C:\Users\hend2\AppData\Loca...}, networkConnectionEnabled: false, pageLoadStrategy: normal, platformName: windows, proxy: Proxy(), se:cdp: ws://localhost:62340/devtoo..., se:cdpVersion: 136.0.3240.76, setWindowRect: true, strictFileInteractability: false, timeouts: {implicit: 0, pageLoad: 300000, script: 30000}, unhandledPromptBehavior: dismiss and notify, webauthn:extension:credBlob: true, webauthn:extension:largeBlob: true, webauthn:extension:minPinLength: true, webauthn:extension:prf: true, webauthn:virtualAuthenticators: true}
Session ID: 9925c651d93a158fdbf4a81f130e9b68]]>
            </message>
            <full-stacktrace>
              <![CDATA[org.openqa.selenium.TimeoutException: Expected condition failed: waiting for url to be "https://www.saucedemo.com/inventory.html". Current url: "https://www.saucedemo.com/" (tried for 30 second(s) with 500 milliseconds interval)
Build info: version: '4.10.0', revision: 'c14d967899'
System info: os.name: 'Windows 10', os.arch: 'amd64', os.version: '10.0', java.version: '24.0.1'
Driver info: org.openqa.selenium.edge.EdgeDriver
Capabilities {acceptInsecureCerts: false, browserName: MicrosoftEdge, browserVersion: 136.0.3240.76, fedcm:accounts: true, ms:edgeOptions: {debuggerAddress: localhost:62340}, msedge: {msedgedriverVersion: 136.0.3240.76 (77e9ec69748f..., userDataDir: C:\Users\hend2\AppData\Loca...}, networkConnectionEnabled: false, pageLoadStrategy: normal, platformName: windows, proxy: Proxy(), se:cdp: ws://localhost:62340/devtoo..., se:cdpVersion: 136.0.3240.76, setWindowRect: true, strictFileInteractability: false, timeouts: {implicit: 0, pageLoad: 300000, script: 30000}, unhandledPromptBehavior: dismiss and notify, webauthn:extension:credBlob: true, webauthn:extension:largeBlob: true, webauthn:extension:minPinLength: true, webauthn:extension:prf: true, webauthn:virtualAuthenticators: true}
Session ID: 9925c651d93a158fdbf4a81f130e9b68
at org.openqa.selenium.support.ui.WebDriverWait.timeoutException(WebDriverWait.java:84)
at org.openqa.selenium.support.ui.FluentWait.until(FluentWait.java:230)
at Saucelab.pagefactory.Homepage.PickItem(Homepage.java:29)
at Saucelab.tests.HomePageTests.homePageTest(HomePageTests.java:53)
at java.base/jdk.internal.reflect.DirectMethodHandleAccessor.invoke(DirectMethodHandleAccessor.java:104)
at java.base/java.lang.reflect.Method.invoke(Method.java:565)
at org.testng.internal.invokers.MethodInvocationHelper.invokeMethod(MethodInvocationHelper.java:139)
at org.testng.internal.invokers.TestInvoker.invokeMethod(TestInvoker.java:664)
at org.testng.internal.invokers.TestInvoker.invokeTestMethod(TestInvoker.java:228)
at org.testng.internal.invokers.MethodRunner.runInSequence(MethodRunner.java:63)
at org.testng.internal.invokers.TestInvoker$MethodInvocationAgent.invoke(TestInvoker.java:961)
at org.testng.internal.invokers.TestInvoker.invokeTestMethods(TestInvoker.java:201)
at org.testng.internal.invokers.TestMethodWorker.invokeTestMethods(TestMethodWorker.java:148)
at org.testng.internal.invokers.TestMethodWorker.run(TestMethodWorker.java:128)
at java.base/java.util.ArrayList.forEach(ArrayList.java:1604)
at org.testng.TestRunner.privateRun(TestRunner.java:819)
at org.testng.TestRunner.run(TestRunner.java:619)
at org.testng.SuiteRunner.runTest(SuiteRunner.java:443)
at org.testng.SuiteRunner.runSequentially(SuiteRunner.java:437)
at org.testng.SuiteRunner.privateRun(SuiteRunner.java:397)
at org.testng.SuiteRunner.run(SuiteRunner.java:336)
at org.testng.SuiteRunnerWorker.runSuite(SuiteRunnerWorker.java:52)
at org.testng.SuiteRunnerWorker.run(SuiteRunnerWorker.java:95)
at org.testng.TestNG.runSuitesSequentially(TestNG.java:1301)
at org.testng.TestNG.runSuitesLocally(TestNG.java:1228)
at org.testng.TestNG.runSuites(TestNG.java:1134)
at org.testng.TestNG.run(TestNG.java:1101)
at org.apache.maven.surefire.testng.TestNGExecutor.run(TestNGExecutor.java:155)
at org.apache.maven.surefire.testng.TestNGDirectoryTestSuite.executeMulti(TestNGDirectoryTestSuite.java:169)
at org.apache.maven.surefire.testng.TestNGDirectoryTestSuite.execute(TestNGDirectoryTestSuite.java:88)
at org.apache.maven.surefire.testng.TestNGProvider.invoke(TestNGProvider.java:137)
at org.apache.maven.surefire.booter.ForkedBooter.runSuitesInProcess(ForkedBooter.java:385)
at org.apache.maven.surefire.booter.ForkedBooter.execute(ForkedBooter.java:162)
at org.apache.maven.surefire.booter.ForkedBooter.run(ForkedBooter.java:507)
at org.apache.maven.surefire.booter.ForkedBooter.main(ForkedBooter.java:495)
]]>
            </full-stacktrace>
          </exception> <!-- org.openqa.selenium.TimeoutException -->
          <reporter-output>
          </reporter-output>
        </test-method> <!-- homePageTest -->
      </class> <!-- Saucelab.tests.HomePageTests -->
      <class name="Saucelab.tests.PurchaceTest">
        <test-method is-config="true" signature="setUp()[pri:0, instance:Saucelab.tests.PurchaceTest@527e5409]" started-at="2025-05-21T17:59:48 EEST" name="setUp" finished-at="2025-05-21T17:59:48 EEST" duration-ms="5" status="PASS">
          <reporter-output>
          </reporter-output>
        </test-method> <!-- setUp -->
        <test-method signature="completePurchaseFlow()[pri:2, instance:Saucelab.tests.PurchaceTest@527e5409]" started-at="2025-05-21T17:59:48 EEST" name="completePurchaseFlow" finished-at="2025-05-21T17:59:49 EEST" duration-ms="1140" status="PASS">
          <reporter-output>
          </reporter-output>
        </test-method> <!-- completePurchaseFlow -->
      </class> <!-- Saucelab.tests.PurchaceTest -->
      <class name="Saucelab.tests.LoginTests">
        <test-method is-config="true" signature="setUp()[pri:0, instance:Saucelab.tests.LoginTests@2cbb3d47]" started-at="2025-05-21T17:59:47 EEST" name="setUp" finished-at="2025-05-21T17:59:47 EEST" duration-ms="5" status="PASS">
          <reporter-output>
          </reporter-output>
        </test-method> <!-- setUp -->
        <test-method signature="testLoginNegative()[pri:1, instance:Saucelab.tests.LoginTests@2cbb3d47]" started-at="2025-05-21T17:59:47 EEST" name="testLoginNegative" finished-at="2025-05-21T17:59:47 EEST" duration-ms="547" status="PASS">
          <reporter-output>
          </reporter-output>
        </test-method> <!-- testLoginNegative -->
        <test-method signature="testLoginPositve()[pri:2, instance:Saucelab.tests.LoginTests@2cbb3d47]" started-at="2025-05-21T17:59:47 EEST" name="testLoginPositve" finished-at="2025-05-21T17:59:48 EEST" duration-ms="632" status="PASS">
          <reporter-output>
          </reporter-output>
        </test-method> <!-- testLoginPositve -->
      </class> <!-- Saucelab.tests.LoginTests -->
      <class name="org.example.AppTest">
        <test-method signature="testExample()[pri:0, instance:org.example.AppTest@161b062a]" started-at="2025-05-21T17:59:16 EEST" name="testExample" finished-at="2025-05-21T17:59:16 EEST" duration-ms="3" status="PASS">
          <reporter-output>
          </reporter-output>
        </test-method> <!-- testExample -->
      </class> <!-- org.example.AppTest -->
    </test> <!-- Surefire test -->
  </suite> <!-- Surefire suite -->
</testng-results>
